CRITICAL - 2024-05-27 23:06:21 --> CodeIgniter\Database\Exceptions\DataException: There is no data to insert.
[Method: POST, Route: api/clients]
in SYSTEMPATH/BaseModel.php on line 1833.
 1 SYSTEMPATH/BaseModel.php(1833): CodeIgniter\Database\Exceptions\DataException::forEmptyDataset('insert')
 2 SYSTEMPATH/BaseModel.php(806): CodeIgniter\BaseModel->transformDataToArray([], 'insert')
 3 SYSTEMPATH/Model.php(791): CodeIgniter\BaseModel->insert([], true)
 4 APPPATH/Controllers/ClientController.php(22): CodeIgniter\Model->insert([])
 5 SYSTEMPATH/CodeIgniter.php(933): App\Controllers\ClientController->create()
 6 SYSTEMPATH/CodeIgniter.php(509): CodeIgniter\CodeIgniter->runController(Object(App\Controllers\ClientController))
 7 SYSTEMPATH/CodeIgniter.php(355): CodeIgniter\CodeIgniter->handleRequest(null, Object(Config\Cache), false)
 8 SYSTEMPATH/Boot.php(312): CodeIgniter\CodeIgniter->run()
 9 SYSTEMPATH/Boot.php(67): CodeIgniter\Boot::runCodeIgniter(Object(CodeIgniter\CodeIgniter))
10 FCPATH/index.php(54): CodeIgniter\Boot::bootWeb(Object(Config\Paths))
11 SYSTEMPATH/Commands/Server/rewrite.php(49): require_once('/Users/alejandrarivera/Desktop/codeigniter4-framework-9b2cd73/public/index.php')
CRITICAL - 2024-05-27 23:07:28 --> CodeIgniter\Database\Exceptions\DataException: There is no data to insert.
[Method: POST, Route: api/clients]
in SYSTEMPATH/BaseModel.php on line 1833.
 1 SYSTEMPATH/BaseModel.php(1833): CodeIgniter\Database\Exceptions\DataException::forEmptyDataset('insert')
 2 SYSTEMPATH/BaseModel.php(806): CodeIgniter\BaseModel->transformDataToArray([], 'insert')
 3 SYSTEMPATH/Model.php(791): CodeIgniter\BaseModel->insert([], true)
 4 APPPATH/Controllers/ClientController.php(22): CodeIgniter\Model->insert([])
 5 SYSTEMPATH/CodeIgniter.php(933): App\Controllers\ClientController->create()
 6 SYSTEMPATH/CodeIgniter.php(509): CodeIgniter\CodeIgniter->runController(Object(App\Controllers\ClientController))
 7 SYSTEMPATH/CodeIgniter.php(355): CodeIgniter\CodeIgniter->handleRequest(null, Object(Config\Cache), false)
 8 SYSTEMPATH/Boot.php(312): CodeIgniter\CodeIgniter->run()
 9 SYSTEMPATH/Boot.php(67): CodeIgniter\Boot::runCodeIgniter(Object(CodeIgniter\CodeIgniter))
10 FCPATH/index.php(54): CodeIgniter\Boot::bootWeb(Object(Config\Paths))
11 SYSTEMPATH/Commands/Server/rewrite.php(49): require_once('/Users/alejandrarivera/Desktop/codeigniter4-framework-9b2cd73/public/index.php')
CRITICAL - 2024-05-27 23:17:19 --> CodeIgniter\Database\Exceptions\DataException: There is no data to insert.
[Method: POST, Route: api/clients]
in SYSTEMPATH/BaseModel.php on line 1833.
 1 SYSTEMPATH/BaseModel.php(1833): CodeIgniter\Database\Exceptions\DataException::forEmptyDataset('insert')
 2 SYSTEMPATH/BaseModel.php(806): CodeIgniter\BaseModel->transformDataToArray([], 'insert')
 3 SYSTEMPATH/Model.php(791): CodeIgniter\BaseModel->insert([], true)
 4 APPPATH/Controllers/ClientController.php(22): CodeIgniter\Model->insert([])
 5 SYSTEMPATH/CodeIgniter.php(933): App\Controllers\ClientController->create()
 6 SYSTEMPATH/CodeIgniter.php(509): CodeIgniter\CodeIgniter->runController(Object(App\Controllers\ClientController))
 7 SYSTEMPATH/CodeIgniter.php(355): CodeIgniter\CodeIgniter->handleRequest(null, Object(Config\Cache), false)
 8 SYSTEMPATH/Boot.php(312): CodeIgniter\CodeIgniter->run()
 9 SYSTEMPATH/Boot.php(67): CodeIgniter\Boot::runCodeIgniter(Object(CodeIgniter\CodeIgniter))
10 FCPATH/index.php(54): CodeIgniter\Boot::bootWeb(Object(Config\Paths))
11 SYSTEMPATH/Commands/Server/rewrite.php(49): require_once('/Users/alejandrarivera/Desktop/codeigniter4-framework-9b2cd73/public/index.php')
ERROR - 2024-05-27 23:29:49 --> There is no data to insert.
ERROR - 2024-05-27 23:30:44 --> There is no data to insert.
ERROR - 2024-05-27 23:39:42 --> mysqli_sql_exception: Cannot add or update a child row: a foreign key constraint fails (`cero_multas`.`clientes`, CONSTRAINT `clientes_estado_id_foreign` FOREIGN KEY (`estado_id`) REFERENCES `estados` (`id`) ON DELETE CASCADE ON UPDATE CASCADE) in /Users/alejandrarivera/Desktop/codeigniter4-framework-9b2cd73/system/Database/MySQLi/Connection.php:308
Stack trace:
#0 /Users/alejandrarivera/Desktop/codeigniter4-framework-9b2cd73/system/Database/MySQLi/Connection.php(308): mysqli->query('INSERT INTO `cl...', 0)
#1 /Users/alejandrarivera/Desktop/codeigniter4-framework-9b2cd73/system/Database/BaseConnection.php(722): CodeIgniter\Database\MySQLi\Connection->execute('INSERT INTO `cl...')
#2 /Users/alejandrarivera/Desktop/codeigniter4-framework-9b2cd73/system/Database/BaseConnection.php(636): CodeIgniter\Database\BaseConnection->simpleQuery('INSERT INTO `cl...')
#3 /Users/alejandrarivera/Desktop/codeigniter4-framework-9b2cd73/system/Database/BaseBuilder.php(2325): CodeIgniter\Database\BaseConnection->query('INSERT INTO `cl...', Array, false)
#4 /Users/alejandrarivera/Desktop/codeigniter4-framework-9b2cd73/system/Model.php(383): CodeIgniter\Database\BaseBuilder->insert()
#5 /Users/alejandrarivera/Desktop/codeigniter4-framework-9b2cd73/system/BaseModel.php(840): CodeIgniter\Model->doInsert(Array)
#6 /Users/alejandrarivera/Desktop/codeigniter4-framework-9b2cd73/system/Model.php(791): CodeIgniter\BaseModel->insert(Array, true)
#7 /Users/alejandrarivera/Desktop/codeigniter4-framework-9b2cd73/app/Controllers/ClientController.php(23): CodeIgniter\Model->insert(Array)
#8 /Users/alejandrarivera/Desktop/codeigniter4-framework-9b2cd73/system/CodeIgniter.php(933): App\Controllers\ClientController->create()
#9 /Users/alejandrarivera/Desktop/codeigniter4-framework-9b2cd73/system/CodeIgniter.php(509): CodeIgniter\CodeIgniter->runController(Object(App\Controllers\ClientController))
#10 /Users/alejandrarivera/Desktop/codeigniter4-framework-9b2cd73/system/CodeIgniter.php(355): CodeIgniter\CodeIgniter->handleRequest(NULL, Object(Config\Cache), false)
#11 /Users/alejandrarivera/Desktop/codeigniter4-framework-9b2cd73/system/Boot.php(312): CodeIgniter\CodeIgniter->run()
#12 /Users/alejandrarivera/Desktop/codeigniter4-framework-9b2cd73/system/Boot.php(67): CodeIgniter\Boot::runCodeIgniter(Object(CodeIgniter\CodeIgniter))
#13 /Users/alejandrarivera/Desktop/codeigniter4-framework-9b2cd73/public/index.php(54): CodeIgniter\Boot::bootWeb(Object(Config\Paths))
#14 /Users/alejandrarivera/Desktop/codeigniter4-framework-9b2cd73/system/Commands/Server/rewrite.php(49): require_once('/Users/alejandr...')
#15 {main}
CRITICAL - 2024-05-27 23:39:42 --> CodeIgniter\Database\Exceptions\DatabaseException: Cannot add or update a child row: a foreign key constraint fails (`cero_multas`.`clientes`, CONSTRAINT `clientes_estado_id_foreign` FOREIGN KEY (`estado_id`) REFERENCES `estados` (`id`) ON DELETE CASCADE ON UPDATE CASCADE)
[Method: POST, Route: api/clients]
in SYSTEMPATH/Database/BaseConnection.php on line 676.
 1 SYSTEMPATH/Database/BaseBuilder.php(2325): CodeIgniter\Database\BaseConnection->query('INSERT INTO `clientes` (`nombre_contacto`, `correo_electronico`, `nombre_empresa`, `logotipo`, `descripcion_producto`, `fecha_registro`) VALUES (:nombre_contacto:, :correo_electronico:, :nombre_empresa:, :logotipo:, :descripcion_producto:, :fecha_registro:)', [...], false)
 2 SYSTEMPATH/Model.php(383): CodeIgniter\Database\BaseBuilder->insert()
 3 SYSTEMPATH/BaseModel.php(840): CodeIgniter\Model->doInsert([...])
 4 SYSTEMPATH/Model.php(791): CodeIgniter\BaseModel->insert([...], true)
 5 APPPATH/Controllers/ClientController.php(23): CodeIgniter\Model->insert([...])
 6 SYSTEMPATH/CodeIgniter.php(933): App\Controllers\ClientController->create()
 7 SYSTEMPATH/CodeIgniter.php(509): CodeIgniter\CodeIgniter->runController(Object(App\Controllers\ClientController))
 8 SYSTEMPATH/CodeIgniter.php(355): CodeIgniter\CodeIgniter->handleRequest(null, Object(Config\Cache), false)
 9 SYSTEMPATH/Boot.php(312): CodeIgniter\CodeIgniter->run()
10 SYSTEMPATH/Boot.php(67): CodeIgniter\Boot::runCodeIgniter(Object(CodeIgniter\CodeIgniter))
11 FCPATH/index.php(54): CodeIgniter\Boot::bootWeb(Object(Config\Paths))
12 SYSTEMPATH/Commands/Server/rewrite.php(49): require_once('/Users/alejandrarivera/Desktop/codeigniter4-framework-9b2cd73/public/index.php')
CRITICAL - 2024-05-27 23:39:42 --> [Caused by] CodeIgniter\Database\Exceptions\DatabaseException: Cannot add or update a child row: a foreign key constraint fails (`cero_multas`.`clientes`, CONSTRAINT `clientes_estado_id_foreign` FOREIGN KEY (`estado_id`) REFERENCES `estados` (`id`) ON DELETE CASCADE ON UPDATE CASCADE)
in SYSTEMPATH/Database/MySQLi/Connection.php on line 313.
 1 SYSTEMPATH/Database/BaseConnection.php(722): CodeIgniter\Database\MySQLi\Connection->execute('INSERT INTO `clientes` (`nombre_contacto`, `correo_electronico`, `nombre_empresa`, `logotipo`, `descripcion_producto`, `fecha_registro`) VALUES (\'Juan Perez \', \'encuadernacionyali@gmail.com\', \'Starbucks \', \'C:\\\\fakepath\\\\correo-electronico.png\', \'SAT\', \'2000-02-01\')')
 2 SYSTEMPATH/Database/BaseConnection.php(636): CodeIgniter\Database\BaseConnection->simpleQuery('INSERT INTO `clientes` (`nombre_contacto`, `correo_electronico`, `nombre_empresa`, `logotipo`, `descripcion_producto`, `fecha_registro`) VALUES (\'Juan Perez \', \'encuadernacionyali@gmail.com\', \'Starbucks \', \'C:\\\\fakepath\\\\correo-electronico.png\', \'SAT\', \'2000-02-01\')')
 3 SYSTEMPATH/Database/BaseBuilder.php(2325): CodeIgniter\Database\BaseConnection->query('INSERT INTO `clientes` (`nombre_contacto`, `correo_electronico`, `nombre_empresa`, `logotipo`, `descripcion_producto`, `fecha_registro`) VALUES (:nombre_contacto:, :correo_electronico:, :nombre_empresa:, :logotipo:, :descripcion_producto:, :fecha_registro:)', [...], false)
 4 SYSTEMPATH/Model.php(383): CodeIgniter\Database\BaseBuilder->insert()
 5 SYSTEMPATH/BaseModel.php(840): CodeIgniter\Model->doInsert([...])
 6 SYSTEMPATH/Model.php(791): CodeIgniter\BaseModel->insert([...], true)
 7 APPPATH/Controllers/ClientController.php(23): CodeIgniter\Model->insert([...])
 8 SYSTEMPATH/CodeIgniter.php(933): App\Controllers\ClientController->create()
 9 SYSTEMPATH/CodeIgniter.php(509): CodeIgniter\CodeIgniter->runController(Object(App\Controllers\ClientController))
10 SYSTEMPATH/CodeIgniter.php(355): CodeIgniter\CodeIgniter->handleRequest(null, Object(Config\Cache), false)
11 SYSTEMPATH/Boot.php(312): CodeIgniter\CodeIgniter->run()
12 SYSTEMPATH/Boot.php(67): CodeIgniter\Boot::runCodeIgniter(Object(CodeIgniter\CodeIgniter))
13 FCPATH/index.php(54): CodeIgniter\Boot::bootWeb(Object(Config\Paths))
14 SYSTEMPATH/Commands/Server/rewrite.php(49): require_once('/Users/alejandrarivera/Desktop/codeigniter4-framework-9b2cd73/public/index.php')
CRITICAL - 2024-05-27 23:39:42 --> [Caused by] mysqli_sql_exception: Cannot add or update a child row: a foreign key constraint fails (`cero_multas`.`clientes`, CONSTRAINT `clientes_estado_id_foreign` FOREIGN KEY (`estado_id`) REFERENCES `estados` (`id`) ON DELETE CASCADE ON UPDATE CASCADE)
in SYSTEMPATH/Database/MySQLi/Connection.php on line 308.
 1 SYSTEMPATH/Database/MySQLi/Connection.php(308): mysqli->query('INSERT INTO `clientes` (`nombre_contacto`, `correo_electronico`, `nombre_empresa`, `logotipo`, `descripcion_producto`, `fecha_registro`) VALUES (\'Juan Perez \', \'encuadernacionyali@gmail.com\', \'Starbucks \', \'C:\\\\fakepath\\\\correo-electronico.png\', \'SAT\', \'2000-02-01\')', 0)
 2 SYSTEMPATH/Database/BaseConnection.php(722): CodeIgniter\Database\MySQLi\Connection->execute('INSERT INTO `clientes` (`nombre_contacto`, `correo_electronico`, `nombre_empresa`, `logotipo`, `descripcion_producto`, `fecha_registro`) VALUES (\'Juan Perez \', \'encuadernacionyali@gmail.com\', \'Starbucks \', \'C:\\\\fakepath\\\\correo-electronico.png\', \'SAT\', \'2000-02-01\')')
 3 SYSTEMPATH/Database/BaseConnection.php(636): CodeIgniter\Database\BaseConnection->simpleQuery('INSERT INTO `clientes` (`nombre_contacto`, `correo_electronico`, `nombre_empresa`, `logotipo`, `descripcion_producto`, `fecha_registro`) VALUES (\'Juan Perez \', \'encuadernacionyali@gmail.com\', \'Starbucks \', \'C:\\\\fakepath\\\\correo-electronico.png\', \'SAT\', \'2000-02-01\')')
 4 SYSTEMPATH/Database/BaseBuilder.php(2325): CodeIgniter\Database\BaseConnection->query('INSERT INTO `clientes` (`nombre_contacto`, `correo_electronico`, `nombre_empresa`, `logotipo`, `descripcion_producto`, `fecha_registro`) VALUES (:nombre_contacto:, :correo_electronico:, :nombre_empresa:, :logotipo:, :descripcion_producto:, :fecha_registro:)', [...], false)
 5 SYSTEMPATH/Model.php(383): CodeIgniter\Database\BaseBuilder->insert()
 6 SYSTEMPATH/BaseModel.php(840): CodeIgniter\Model->doInsert([...])
 7 SYSTEMPATH/Model.php(791): CodeIgniter\BaseModel->insert([...], true)
 8 APPPATH/Controllers/ClientController.php(23): CodeIgniter\Model->insert([...])
 9 SYSTEMPATH/CodeIgniter.php(933): App\Controllers\ClientController->create()
10 SYSTEMPATH/CodeIgniter.php(509): CodeIgniter\CodeIgniter->runController(Object(App\Controllers\ClientController))
11 SYSTEMPATH/CodeIgniter.php(355): CodeIgniter\CodeIgniter->handleRequest(null, Object(Config\Cache), false)
12 SYSTEMPATH/Boot.php(312): CodeIgniter\CodeIgniter->run()
13 SYSTEMPATH/Boot.php(67): CodeIgniter\Boot::runCodeIgniter(Object(CodeIgniter\CodeIgniter))
14 FCPATH/index.php(54): CodeIgniter\Boot::bootWeb(Object(Config\Paths))
15 SYSTEMPATH/Commands/Server/rewrite.php(49): require_once('/Users/alejandrarivera/Desktop/codeigniter4-framework-9b2cd73/public/index.php')
